<?xml version="1.0" encoding="UTF-8"?>
<!-- Generated by org.testng.reporters.JUnitXMLReporter -->
<testsuite ignored="2" hostname="DESKTOP-E2JOFU2" failures="0" tests="4" name="Test-2" time="213.861" errors="0" timestamp="2024-10-22T12:39:29 IST">
  <testcase classname="PracticeTestng.classA" name="method1" time="32.54"/>
  <testcase classname="PracticeTestng.classA" name="method2" time="20.997"/>
  <testcase classname="PracticeTestng.ClassB" name="method3" time="28.686"/>
  <testcase classname="PracticeTestng.ClassB" name="method4" time="17.476"/>
  <testcase classname="com.comcast.crm.basetest.BaseClass" name="@AfterSuite configAS" time="0.0">
    <ignored/>
  </testcase> <!-- @AfterSuite configAS -->
  <testcase classname="com.comcast.crm.basetest.BaseClass" name="@BeforeSuite configBS" time="0.0">
    <ignored/>
  </testcase> <!-- @BeforeSuite configBS -->
</testsuite> <!-- Test-2 -->
