<?xml version="1.0" encoding="UTF-8"?>
<!-- Generated by org.testng.reporters.JUnitXMLReporter -->
<testsuite ignored="2" hostname="DESKTOP-E2JOFU2" failures="0" tests="4" name="Test-1" time="0.24" errors="0" timestamp="2024-10-22T11:23:02 IST">
  <testcase classname="com.comcast.crm.basetest.BaseClass" name="@BeforeClass configBC" time="-1.729576382082E9">
    <failure type="org.testng.TestNGException" message="
Parameter &amp;apos;BROWSER&amp;apos; is required by BeforeClass on method configBC but has not been marked @Optional or defined
in C:\Users\admin\eclipse-workspace\tekpyramid_framework\paralleltesting_classes.xml">
      <![CDATA[org.testng.TestNGException: 
Parameter 'BROWSER' is required by BeforeClass on method configBC but has not been marked @Optional or defined
in C:\Users\admin\eclipse-workspace\tekpyramid_framework\paralleltesting_classes.xml
at java.base/java.util.concurrent.ThreadPoolExecutor.runWorker(ThreadPoolExecutor.java:1136)
at java.base/java.util.concurrent.ThreadPoolExecutor$Worker.run(ThreadPoolExecutor.java:635)
at java.base/java.lang.Thread.run(Thread.java:833)
... Removed 7 stack frames]]>
    </failure>
  </testcase> <!-- @BeforeClass configBC -->
  <testcase classname="com.comcast.crm.basetest.BaseClass" name="@BeforeClass configBC" time="-1.729576382081E9">
    <failure type="org.testng.TestNGException" message="
Parameter &amp;apos;BROWSER&amp;apos; is required by BeforeClass on method configBC but has not been marked @Optional or defined
in C:\Users\admin\eclipse-workspace\tekpyramid_framework\paralleltesting_classes.xml">
      <![CDATA[org.testng.TestNGException: 
Parameter 'BROWSER' is required by BeforeClass on method configBC but has not been marked @Optional or defined
in C:\Users\admin\eclipse-workspace\tekpyramid_framework\paralleltesting_classes.xml
at java.base/java.util.concurrent.ThreadPoolExecutor.runWorker(ThreadPoolExecutor.java:1136)
at java.base/java.util.concurrent.ThreadPoolExecutor$Worker.run(ThreadPoolExecutor.java:635)
at java.base/java.lang.Thread.run(Thread.java:833)
... Removed 7 stack frames]]>
    </failure>
  </testcase> <!-- @BeforeClass configBC -->
  <testcase classname="com.comcast.crm.basetest.BaseClass" name="@BeforeMethod configBM" time="0.0">
    <skipped/>
  </testcase> <!-- @BeforeMethod configBM -->
  <testcase classname="com.comcast.crm.basetest.BaseClass" name="@BeforeMethod configBM" time="0.0">
    <skipped/>
  </testcase> <!-- @BeforeMethod configBM -->
  <testcase classname="com.comcast.crm.basetest.BaseClass" name="@AfterMethod configAM" time="0.0">
    <skipped/>
  </testcase> <!-- @AfterMethod configAM -->
  <testcase classname="com.comcast.crm.basetest.BaseClass" name="@BeforeMethod configBM" time="0.0">
    <skipped/>
  </testcase> <!-- @BeforeMethod configBM -->
  <testcase classname="com.comcast.crm.basetest.BaseClass" name="@AfterMethod configAM" time="0.0">
    <skipped/>
  </testcase> <!-- @AfterMethod configAM -->
  <testcase classname="com.comcast.crm.basetest.BaseClass" name="@AfterMethod configAM" time="0.0">
    <skipped/>
  </testcase> <!-- @AfterMethod configAM -->
  <testcase classname="com.comcast.crm.basetest.BaseClass" name="@BeforeMethod configBM" time="0.0">
    <skipped/>
  </testcase> <!-- @BeforeMethod configBM -->
  <testcase classname="com.comcast.crm.basetest.BaseClass" name="@AfterClass configAC" time="0.0">
    <skipped/>
  </testcase> <!-- @AfterClass configAC -->
  <testcase classname="com.comcast.crm.basetest.BaseClass" name="@AfterMethod configAM" time="0.0">
    <skipped/>
  </testcase> <!-- @AfterMethod configAM -->
  <testcase classname="com.comcast.crm.basetest.BaseClass" name="@AfterClass configAC" time="0.0">
    <skipped/>
  </testcase> <!-- @AfterClass configAC -->
  <testcase classname="PracticeTestng.classA" name="method1" time="0.0">
    <skipped/>
  </testcase> <!-- method1 -->
  <testcase classname="PracticeTestng.ClassB" name="method3" time="0.001">
    <skipped/>
  </testcase> <!-- method3 -->
  <testcase classname="PracticeTestng.classA" name="method2" time="0.0">
    <skipped/>
  </testcase> <!-- method2 -->
  <testcase classname="PracticeTestng.ClassB" name="method4" time="0.001">
    <skipped/>
  </testcase> <!-- method4 -->
  <testcase classname="com.comcast.crm.basetest.BaseClass" name="@BeforeSuite configBS" time="0.0">
    <ignored/>
  </testcase> <!-- @BeforeSuite configBS -->
  <testcase classname="com.comcast.crm.basetest.BaseClass" name="@AfterSuite configAS" time="0.0">
    <ignored/>
  </testcase> <!-- @AfterSuite configAS -->
</testsuite> <!-- Test-1 -->
