<?xml version="1.0" encoding="UTF-8"?>
<!-- Generated by org.testng.reporters.JUnitReportReporter -->
<testsuite hostname="DESKTOP-E2JOFU2" failures="0" tests="2" name="com.crm.comcast.contactTest.CreateContactTest" time="0.016" errors="0" timestamp="2024-10-18T15:49:29 IST" skipped="0">
  <testcase classname="com.crm.comcast.contactTest.CreateContactTest" name="createcontact" time="0.010"/>
  <testcase classname="com.crm.comcast.contactTest.CreateContactTest" name="createcontactwithdate" time="0.006"/>
</testsuite> <!-- com.crm.comcast.contactTest.CreateContactTest -->
