<?xml version="1.0" encoding="UTF-8"?>
<!-- Generated by org.testng.reporters.JUnitReportReporter -->
<testsuite hostname="DESKTOP-E2JOFU2" failures="0" tests="1" name="PractiseDarwinBox.practise" time="22.980" errors="0" timestamp="2025-02-03T11:25:01 IST" skipped="0">
  <testcase classname="PractiseDarwinBox.practise" name="sample" time="22.980"/>
</testsuite> <!-- PractiseDarwinBox.practise -->
