<?xml version="1.0" encoding="UTF-8"?>
<!-- Generated by org.testng.reporters.JUnitReportReporter -->
<testsuite hostname="DESKTOP-E2JOFU2" failures="0" tests="4" name="PracticeTestng.classA" time="184.154" errors="0" timestamp="2024-10-22T12:39:29 IST" skipped="0">
  <testcase classname="PracticeTestng.classA" name="method2" time="42.027"/>
  <testcase classname="PracticeTestng.classA" name="method1" time="56.220"/>
  <testcase classname="PracticeTestng.classA" name="method2" time="36.289"/>
  <testcase classname="PracticeTestng.classA" name="method1" time="49.618"/>
</testsuite> <!-- PracticeTestng.classA -->
