<?xml version="1.0" encoding="UTF-8"?>
<!-- Generated by org.testng.reporters.JUnitReportReporter -->
<testsuite hostname="DESKTOP-E2JOFU2" failures="0" tests="1" name="PracticeTestng.Sampletest" time="0.022" errors="0" timestamp="2024-10-16T15:42:39 IST" skipped="0">
  <testcase classname="PracticeTestng.Sampletest" name="test1t" time="0.022"/>
</testsuite> <!-- PracticeTestng.Sampletest -->
