<?xml version="1.0" encoding="UTF-8"?>
<!-- Generated by org.testng.reporters.JUnitReportReporter -->
<testsuite hostname="DESKTOP-E2JOFU2" failures="0" tests="2" name="PracticeTestng.Practiseexecution" time="20.106" errors="0" timestamp="2024-10-21T18:08:36 IST" skipped="0">
  <testcase classname="PracticeTestng.Practiseexecution" name="method1" time="11.436"/>
  <testcase classname="PracticeTestng.Practiseexecution" name="method2" time="8.670"/>
</testsuite> <!-- PracticeTestng.Practiseexecution -->
