<?xml version="1.0" encoding="UTF-8"?>
<!-- Generated by org.testng.reporters.JUnitReportReporter -->
<testsuite hostname="DESKTOP-E2JOFU2" failures="0" tests="1" name="PractiseDarwinBox.practise1" time="55.386" errors="0" timestamp="2025-02-03T10:51:49 IST" skipped="0">
  <testcase classname="PractiseDarwinBox.practise1" name="sample" time="55.386"/>
</testsuite> <!-- PractiseDarwinBox.practise1 -->
