<?xml version="1.0" encoding="UTF-8"?>
<!-- Generated by org.testng.reporters.JUnitReportReporter -->
<testsuite hostname="DESKTOP-E2JOFU2" failures="0" tests="2" name="practisehomepage.homepagesampletestHardAssert" time="0.030" errors="0" timestamp="2024-10-22T16:18:17 IST" skipped="0">
  <testcase classname="practisehomepage.homepagesampletestHardAssert" name="homepageatest" time="0.025">
    <system-out>
      <![CDATA[null
Step-1
Step-2
Step-3
Step-4
homepageatestTest end]]>
    </system-out>
  </testcase> <!-- homepageatest -->
  <testcase classname="practisehomepage.homepagesampletestHardAssert" name="verifylogo" time="0.005">
    <system-out>
      <![CDATA[verifylogoTest Start
verifylogoTest Start
Step-1
Step-2
Step-3
Step-4
verifylogoTest end]]>
    </system-out>
  </testcase> <!-- verifylogo -->
  <system-out>
    <![CDATA[null
Step-1
Step-2
Step-3
Step-4
homepageatestTest end
verifylogoTest Start
verifylogoTest Start
Step-1
Step-2
Step-3
Step-4
verifylogoTest end]]>
  </system-out>
</testsuite> <!-- practisehomepage.homepagesampletestHardAssert -->
