<?xml version="1.0" encoding="UTF-8"?>
<!-- Generated by org.testng.reporters.JUnitReportReporter -->
<testsuite hostname="DESKTOP-E2JOFU2" failures="0" tests="3" name="PracticeTestng.CreateContactWithDataOProviderTest" time="0.023" errors="0" timestamp="2024-10-17T12:17:06 IST" skipped="0">
  <testcase classname="PracticeTestng.CreateContactWithDataOProviderTest" name="CreateContactTest" time="0.003"/>
  <testcase classname="PracticeTestng.CreateContactWithDataOProviderTest" name="CreateContactTest" time="0.015"/>
  <testcase classname="PracticeTestng.CreateContactWithDataOProviderTest" name="CreateContactTest" time="0.005"/>
</testsuite> <!-- PracticeTestng.CreateContactWithDataOProviderTest -->
