<?xml version="1.0" encoding="UTF-8"?>
<!-- Generated by org.testng.reporters.JUnitReportReporter -->
<testsuite hostname="DESKTOP-E2JOFU2" failures="0" tests="1" name="PractiseDarwinBox.reverseAStringProgram" time="0.035" errors="0" timestamp="2025-01-31T17:21:49 IST" skipped="0">
  <testcase classname="PractiseDarwinBox.reverseAStringProgram" name="sample" time="0.035"/>
</testsuite> <!-- PractiseDarwinBox.reverseAStringProgram -->
