<?xml version="1.0" encoding="UTF-8"?>
<!-- Generated by org.testng.reporters.JUnitReportReporter -->
<testsuite hostname="DESKTOP-E2JOFU2" failures="0" tests="3" name="PracticeTestng.ContactTest" time="0.034" errors="0" timestamp="2024-10-17T14:57:43 IST" skipped="0">
  <testcase classname="PracticeTestng.ContactTest" name="modifycontactTest" time="0.004"/>
  <testcase classname="PracticeTestng.ContactTest" name="deletecontactTest" time="0.004"/>
  <testcase classname="PracticeTestng.ContactTest" name="CreatecontactTest" time="0.026"/>
</testsuite> <!-- PracticeTestng.ContactTest -->
