<?xml version="1.0" encoding="UTF-8"?>
<!-- Generated by org.testng.reporters.JUnitReportReporter -->
<testsuite hostname="DESKTOP-E2JOFU2" failures="0" tests="2" name="PracticeTestng.CreateContactTest" time="0.033" errors="0" timestamp="2024-10-18T15:09:48 IST" skipped="0">
  <testcase classname="PracticeTestng.CreateContactTest" name="createcontact" time="0.026"/>
  <testcase classname="PracticeTestng.CreateContactTest" name="createcontactwithdate" time="0.007"/>
</testsuite> <!-- PracticeTestng.CreateContactTest -->
