<?xml version="1.0" encoding="UTF-8"?>
<!-- Generated by org.testng.reporters.JUnitReportReporter -->
<testsuite hostname="DESKTOP-E2JOFU2" failures="0" tests="2" name="practisehomepage.homepageatest" time="22.729" errors="0" timestamp="2024-10-22T16:00:33 IST" skipped="0">
  <testcase classname="practisehomepage.homepageatest" name="verifylogo" time="9.751"/>
  <testcase classname="practisehomepage.homepageatest" name="VerifyHomePage" time="12.978"/>
</testsuite> <!-- practisehomepage.homepageatest -->
