<?xml version="1.0" encoding="UTF-8"?>
<!-- Generated by org.testng.reporters.JUnitReportReporter -->
<testsuite hostname="DESKTOP-E2JOFU2" failures="0" tests="1" name="CrmUsingCongfAnnotation.CreateTroubleTickt" time="24.240" errors="0" timestamp="2024-10-24T17:11:32 IST" skipped="0">
  <testcase classname="CrmUsingCongfAnnotation.CreateTroubleTickt" name="troubleticket" time="24.240"/>
</testsuite> <!-- CrmUsingCongfAnnotation.CreateTroubleTickt -->
