<?xml version="1.0" encoding="UTF-8"?>
<!-- Generated by org.testng.reporters.JUnitReportReporter -->
<testsuite hostname="DESKTOP-E2JOFU2" failures="0" tests="4" name="PracticeTestng.ClassB" time="159.909" errors="0" timestamp="2024-10-22T12:39:29 IST" skipped="0">
  <testcase classname="PracticeTestng.ClassB" name="method3" time="50.486"/>
  <testcase classname="PracticeTestng.ClassB" name="method4" time="31.499"/>
  <testcase classname="PracticeTestng.ClassB" name="method4" time="34.848"/>
  <testcase classname="PracticeTestng.ClassB" name="method3" time="43.076"/>
</testsuite> <!-- PracticeTestng.ClassB -->
