<?xml version="1.0" encoding="UTF-8"?>
<!-- Generated by org.testng.reporters.JUnitReportReporter -->
<testsuite hostname="DESKTOP-E2JOFU2" failures="0" tests="1" name="meesho.testcase1" time="53.181" errors="0" timestamp="2025-07-03T11:36:56 IST" skipped="0">
  <testcase classname="meesho.testcase1" name="testcase1" time="53.181"/>
</testsuite> <!-- meesho.testcase1 -->
