<?xml version="1.0" encoding="UTF-8"?>
<!-- Generated by org.testng.reporters.JUnitReportReporter -->
<testsuite hostname="DESKTOP-E2JOFU2" failures="0" tests="11" name="PracticeTestng.orderTest" time="0.087" errors="0" timestamp="2024-10-17T10:47:34 IST" skipped="1">
  <testcase classname="PracticeTestng.orderTest" name="createordretest" time="0.005"/>
  <testcase classname="PracticeTestng.orderTest" name="createordretest" time="0.003"/>
  <testcase classname="PracticeTestng.orderTest" name="createordretest" time="0.011"/>
  <testcase classname="PracticeTestng.orderTest" name="createordretest" time="0.013"/>
  <testcase classname="PracticeTestng.orderTest" name="createordretest" time="0.004"/>
  <testcase classname="PracticeTestng.orderTest" name="createordretest" time="0.008"/>
  <testcase classname="PracticeTestng.orderTest" name="createordretest" time="0.015"/>
  <testcase classname="PracticeTestng.orderTest" name="createordretest" time="0.004"/>
  <testcase classname="PracticeTestng.orderTest" name="createordretest" time="0.019"/>
  <testcase classname="PracticeTestng.orderTest" name="createordretest" time="0.005"/>
  <testcase classname="PracticeTestng.orderTest" name="billingordretest">
    <skipped/>
  </testcase> <!-- billingordretest -->
</testsuite> <!-- PracticeTestng.orderTest -->
