<?xml version="1.0" encoding="UTF-8"?>
<!-- Generated by org.testng.reporters.JUnitReportReporter -->
<testsuite hostname="DESKTOP-E2JOFU2" failures="0" tests="2" name="com.crm.comcast.orgtest.CreateOrgTest" time="0.012" errors="0" timestamp="2024-10-18T15:49:29 IST" skipped="0">
  <testcase classname="com.crm.comcast.orgtest.CreateOrgTest" name="createOrgTest" time="0.007"/>
  <testcase classname="com.crm.comcast.orgtest.CreateOrgTest" name="createorgwithind" time="0.005"/>
</testsuite> <!-- com.crm.comcast.orgtest.CreateOrgTest -->
