<?xml version="1.0" encoding="UTF-8"?>
<!-- Generated by org.testng.reporters.JUnitReportReporter -->
<testsuite hostname="DESKTOP-E2JOFU2" failures="0" tests="2" name="PracticeTestng.Class2" time="20.109" errors="0" timestamp="2024-10-21T18:08:36 IST" skipped="0">
  <testcase classname="PracticeTestng.Class2" name="method3" time="11.451"/>
  <testcase classname="PracticeTestng.Class2" name="method4" time="8.658"/>
</testsuite> <!-- PracticeTestng.Class2 -->
