<?xml version="1.0" encoding="UTF-8"?>
<!-- Generated by org.testng.reporters.JUnitReportReporter -->
<testsuite hostname="DESKTOP-E2JOFU2" failures="0" tests="2" name="practiseXpath.SampleTest1" time="194.778" errors="0" timestamp="2025-01-27T16:13:39 IST" skipped="0">
  <testcase classname="practiseXpath.SampleTest1" name="Testcase1" time="188.403"/>
  <testcase classname="practiseXpath.SampleTest1" name="brokenimages" time="6.375"/>
</testsuite> <!-- practiseXpath.SampleTest1 -->
