<?xml version="1.0" encoding="UTF-8"?>
<!-- Generated by org.testng.reporters.JUnitReportReporter -->
<testsuite hostname="DESKTOP-E2JOFU2" failures="0" tests="3" name="PracticeTestng.AmazonaddaproductTest" time="50.368" errors="0" timestamp="2024-10-17T18:28:17 IST" skipped="0">
  <testcase classname="PracticeTestng.AmazonaddaproductTest" name="productinfoTest" time="14.760"/>
  <testcase classname="PracticeTestng.AmazonaddaproductTest" name="productinfoTest" time="15.006"/>
  <testcase classname="PracticeTestng.AmazonaddaproductTest" name="productinfoTest" time="20.602"/>
</testsuite> <!-- PracticeTestng.AmazonaddaproductTest -->
