<?xml version="1.0" encoding="UTF-8"?>
<!-- Generated by org.testng.reporters.JUnitReportReporter -->
<testsuite hostname="DESKTOP-E2JOFU2" failures="0" tests="1" name="Reporting.sampleReportTest" time="6.648" errors="0" timestamp="2024-10-28T13:26:04 IST" skipped="0">
  <testcase classname="Reporting.sampleReportTest" name="createcontactTest" time="6.648"/>
</testsuite> <!-- Reporting.sampleReportTest -->
