<?xml version="1.0" encoding="UTF-8"?>
<!-- Generated by org.testng.reporters.JUnitReportReporter -->
<testsuite hostname="DESKTOP-E2JOFU2" failures="0" tests="1" name="jupiter.Scenario1" time="17.449" errors="0" timestamp="2025-02-14T12:20:13 IST" skipped="0">
  <testcase classname="jupiter.Scenario1" name="testcase1" time="17.449"/>
</testsuite> <!-- jupiter.Scenario1 -->
