<?xml version="1.0" encoding="UTF-8"?>
<!-- Generated by org.testng.reporters.JUnitReportReporter -->
<testsuite hostname="DESKTOP-E2JOFU2" failures="0" tests="2" name="practisehomepage.PractiseHomePageSoftAssert" time="0.058" errors="0" timestamp="2024-10-22T15:33:43 IST" skipped="0">
  <testcase classname="practisehomepage.PractiseHomePageSoftAssert" name="verifylogo" time="0.010"/>
  <testcase classname="practisehomepage.PractiseHomePageSoftAssert" name="homepageatest" time="0.048"/>
</testsuite> <!-- practisehomepage.PractiseHomePageSoftAssert -->
